<?xml version="1.0" encoding="UTF-8"?>
<!-- Generated by org.testng.reporters.JUnitReportReporter -->
<testsuite hostname="msingh-Vostro-3559" failures="0" tests="2" name="testcases.Order" time="13.586" errors="0" timestamp="2020-04-08T18:26:39 IST" skipped="0">
  <testcase classname="testcases.Order" name="addItemsToCart" time="12.602"/>
  <system-out/>
  <testcase classname="testcases.Order" name="emptyCart" time="0.984"/>
  <system-out/>
</testsuite> <!-- testcases.Order -->
