<?xml version="1.0" encoding="UTF-8"?>
<!-- Generated by org.testng.reporters.JUnitReportReporter -->
<testsuite hostname="msingh-Vostro-3559" failures="0" tests="2" name="testcases.Login" time="8.661" errors="0" timestamp="2020-04-08T18:26:39 IST" skipped="0">
  <testcase classname="testcases.Login" name="validLogin" time="4.241"/>
  <system-out/>
  <testcase classname="testcases.Login" name="invalidLogin" time="4.420"/>
  <system-out/>
</testsuite> <!-- testcases.Login -->
