<?xml version="1.0" encoding="UTF-8"?>
<!-- Generated by org.testng.reporters.JUnitReportReporter -->
<testsuite hostname="msingh-Vostro-3559" failures="0" tests="2" name="testcases.WishList" time="13.876" errors="0" timestamp="2020-04-08T18:26:39 IST" skipped="0">
  <testcase classname="testcases.WishList" name="addItemToWishList" time="13.041"/>
  <system-out/>
  <testcase classname="testcases.WishList" name="removeItemFromWishList" time="0.835"/>
  <system-out/>
</testsuite> <!-- testcases.WishList -->
