<?xml version="1.0" encoding="UTF-8"?>
<!-- Generated by org.testng.reporters.JUnitReportReporter -->
<testsuite hostname="msingh-Vostro-3559" failures="0" tests="3" name="rough.RoughTest" time="25.433" errors="0" timestamp="2020-04-04T12:34:21 IST" skipped="0">
  <testcase classname="rough.RoughTest" name="lauchBrowser" time="21.008"/>
  <system-out/>
  <testcase classname="rough.RoughTest" name="login" time="4.349"/>
  <system-out/>
  <testcase classname="rough.RoughTest" name="quitBrowser" time="0.076"/>
  <system-out/>
</testsuite> <!-- rough.RoughTest -->
